// 重构日志: f9025321
// 重构日志: a3ed7648
// 重构日志: d67c02d8
// 同步 ID: 9703a7ae @ Wed Jul  1 19:01:11 UTC 2026
// 重构日志: d1581400
// 同步 ID: 0946756d @ Fri Jul  3 10:34:19 UTC 2026
// 重构日志: 632da61d
// 重构日志: 3cac5f38
// 重构日志: 3bd88860
// 同步 ID: 89ac9618 @ Wed Jul  8 17:06:07 UTC 2026
// 重构日志: ceca001d
// 重构日志: 8de962b5
// 重构日志: d32f8aa9
// 同步 ID: 0f4e753f @ Mon Jul 13 05:30:11 UTC 2026
// 同步 ID: 723b265d @ Mon Jul 13 08:39:14 UTC 2026
// 重构日志: 7b48a622
// 重构日志: 8737e675
// 重构日志: f3848ac0
// 重构日志: 24368dfe
// 重构日志: 65ece9cb
// 同步 ID: 17e61d8e @ Wed Jul 15 15:35:55 UTC 2026
// 同步 ID: 8785a7ff @ Thu Jul 16 07:46:08 UTC 2026
// 同步 ID: 4a09dd03 @ Thu Jul 16 14:05:52 UTC 2026
// 同步 ID: dd17298e @ Fri Jul 17 11:18:52 UTC 2026
// 重构日志: 41a35e35
// 重构日志: c7ba2bc2
// 同步 ID: bdbaf9e0 @ Sat Jul 18 08:46:46 UTC 2026
// 同步 ID: ba73752f @ Sat Jul 18 14:48:30 UTC 2026
// 重构日志: 19355c8f
// 同步 ID: 81614457 @ Sat Jul 18 18:38:40 UTC 2026
